<?xml version="1.0" encoding="UTF-8"?>
<!-- Generated by org.testng.reporters.JUnitXMLReporter -->
<testsuite ignored="0" hostname="DESKTOP-43VGOBD" failures="0" tests="3" name="Default test" time="34.711" errors="0" timestamp="2023-10-09T23:03:07 IST">
  <testcase classname="testNGExample.OranageHRM" name="CreatePIM" time="3.426"/>
  <testcase classname="testNGExample.OranageHRM" name="editPIM" time="3.886"/>
  <testcase classname="testNGExample.OranageHRM" name="deletePIM" time="1.797"/>
</testsuite> <!-- Default test -->
