<?xml version="1.0" encoding="UTF-8"?>
<testng-results ignored="0" total="3" passed="3" failed="0" skipped="0">
  <reporter-output>
  </reporter-output>
  <suite started-at="2023-10-09T23:02:33 IST" name="Default suite" finished-at="2023-10-09T23:03:07 IST" duration-ms="34711">
    <groups>
    </groups>
    <test started-at="2023-10-09T23:02:33 IST" name="Default test" finished-at="2023-10-09T23:03:07 IST" duration-ms="34711">
      <class name="testNGExample.OranageHRM">
        <test-method is-config="true" signature="openUrl()[pri:0, instance:testNGExample.OranageHRM@4a83a74a]" started-at="2023-10-09T23:02:33 IST" name="openUrl" finished-at="2023-10-09T23:02:46 IST" duration-ms="13319" status="PASS">
          <reporter-output>
          </reporter-output>
        </test-method> <!-- openUrl -->
        <test-method is-config="true" signature="clickOnPIM()[pri:0, instance:testNGExample.OranageHRM@4a83a74a]" started-at="2023-10-09T23:02:46 IST" name="clickOnPIM" finished-at="2023-10-09T23:02:50 IST" duration-ms="3409" status="PASS">
          <reporter-output>
          </reporter-output>
        </test-method> <!-- clickOnPIM -->
        <test-method signature="CreatePIM()[pri:1, instance:testNGExample.OranageHRM@4a83a74a]" started-at="2023-10-09T23:02:50 IST" name="CreatePIM" finished-at="2023-10-09T23:02:53 IST" duration-ms="3426" status="PASS">
          <reporter-output>
          </reporter-output>
        </test-method> <!-- CreatePIM -->
        <test-method is-config="true" signature="searchEmployee()[pri:0, instance:testNGExample.OranageHRM@4a83a74a]" started-at="2023-10-09T23:02:53 IST" name="searchEmployee" finished-at="2023-10-09T23:02:55 IST" duration-ms="1873" status="PASS">
          <reporter-output>
          </reporter-output>
        </test-method> <!-- searchEmployee -->
        <test-method is-config="true" signature="clickOnPIM()[pri:0, instance:testNGExample.OranageHRM@4a83a74a]" started-at="2023-10-09T23:02:55 IST" name="clickOnPIM" finished-at="2023-10-09T23:02:56 IST" duration-ms="1209" status="PASS">
          <reporter-output>
          </reporter-output>
        </test-method> <!-- clickOnPIM -->
        <test-method signature="editPIM()[pri:2, instance:testNGExample.OranageHRM@4a83a74a]" started-at="2023-10-09T23:02:56 IST" name="editPIM" finished-at="2023-10-09T23:03:00 IST" duration-ms="3886" status="PASS">
          <reporter-output>
          </reporter-output>
        </test-method> <!-- editPIM -->
        <test-method is-config="true" signature="searchEmployee()[pri:0, instance:testNGExample.OranageHRM@4a83a74a]" started-at="2023-10-09T23:03:00 IST" name="searchEmployee" finished-at="2023-10-09T23:03:02 IST" duration-ms="1960" status="PASS">
          <reporter-output>
          </reporter-output>
        </test-method> <!-- searchEmployee -->
        <test-method is-config="true" signature="clickOnPIM()[pri:0, instance:testNGExample.OranageHRM@4a83a74a]" started-at="2023-10-09T23:03:02 IST" name="clickOnPIM" finished-at="2023-10-09T23:03:03 IST" duration-ms="1491" status="PASS">
          <reporter-output>
          </reporter-output>
        </test-method> <!-- clickOnPIM -->
        <test-method signature="deletePIM()[pri:3, instance:testNGExample.OranageHRM@4a83a74a]" started-at="2023-10-09T23:03:03 IST" name="deletePIM" finished-at="2023-10-09T23:03:05 IST" duration-ms="1797" status="PASS">
          <reporter-output>
          </reporter-output>
        </test-method> <!-- deletePIM -->
        <test-method is-config="true" signature="searchEmployee()[pri:0, instance:testNGExample.OranageHRM@4a83a74a]" started-at="2023-10-09T23:03:05 IST" name="searchEmployee" finished-at="2023-10-09T23:03:07 IST" duration-ms="1869" status="PASS">
          <reporter-output>
          </reporter-output>
        </test-method> <!-- searchEmployee -->
        <test-method is-config="true" signature="closeDriver()[pri:0, instance:testNGExample.OranageHRM@4a83a74a]" started-at="2023-10-09T23:03:07 IST" name="closeDriver" finished-at="2023-10-09T23:03:07 IST" duration-ms="327" status="PASS">
          <reporter-output>
          </reporter-output>
        </test-method> <!-- closeDriver -->
      </class> <!-- testNGExample.OranageHRM -->
    </test> <!-- Default test -->
  </suite> <!-- Default suite -->
</testng-results>
